Change Dir: 'C:/Users/Baile/source/repos/ConcurrenyTest/vcpkg_installed/vcpkg/blds/concurrencpp/x64-windows-rel'

Run Build Command(s): F:/CodeEditors/Common7/IDE/CommonExtensions/Microsoft/CMake/Ninja/ninja.exe -v -v -j13 install
[1/17] F:\CodeEditors\VC\Tools\MSVC\14.38.33130\bin\Hostx64\x64\cl.exe   /TP -DCRCPP_EXPORT_API -Dconcurrencpp_EXPORTS -external:IC:\Users\Baile\source\repos\ConcurrenyTest\vcpkg_installed\vcpkg\blds\concurrencpp\src\v.0.1.7-415c4c63cd.clean\include -external:W0 /nologo /DWIN32 /D_WINDOWS /W3 /utf-8 /GR /EHsc /MP  /MD /O2 /Oi /Gy /DNDEBUG /Z7  -std:c++20 -MD /permissive- /showIncludes /FoCMakeFiles\concurrencpp.dir\source\task.cpp.obj /FdCMakeFiles\concurrencpp.dir\ /FS -c C:\Users\Baile\source\repos\ConcurrenyTest\vcpkg_installed\vcpkg\blds\concurrencpp\src\v.0.1.7-415c4c63cd.clean\source\task.cpp
[2/17] F:\CodeEditors\VC\Tools\MSVC\14.38.33130\bin\Hostx64\x64\cl.exe   /TP -DCRCPP_EXPORT_API -Dconcurrencpp_EXPORTS -external:IC:\Users\Baile\source\repos\ConcurrenyTest\vcpkg_installed\vcpkg\blds\concurrencpp\src\v.0.1.7-415c4c63cd.clean\include -external:W0 /nologo /DWIN32 /D_WINDOWS /W3 /utf-8 /GR /EHsc /MP  /MD /O2 /Oi /Gy /DNDEBUG /Z7  -std:c++20 -MD /permissive- /showIncludes /FoCMakeFiles\concurrencpp.dir\source\results\impl\shared_result_state.cpp.obj /FdCMakeFiles\concurrencpp.dir\ /FS -c C:\Users\Baile\source\repos\ConcurrenyTest\vcpkg_installed\vcpkg\blds\concurrencpp\src\v.0.1.7-415c4c63cd.clean\source\results\impl\shared_result_state.cpp
[3/17] F:\CodeEditors\VC\Tools\MSVC\14.38.33130\bin\Hostx64\x64\cl.exe   /TP -DCRCPP_EXPORT_API -Dconcurrencpp_EXPORTS -external:IC:\Users\Baile\source\repos\ConcurrenyTest\vcpkg_installed\vcpkg\blds\concurrencpp\src\v.0.1.7-415c4c63cd.clean\include -external:W0 /nologo /DWIN32 /D_WINDOWS /W3 /utf-8 /GR /EHsc /MP  /MD /O2 /Oi /Gy /DNDEBUG /Z7  -std:c++20 -MD /permissive- /showIncludes /FoCMakeFiles\concurrencpp.dir\source\results\impl\result_state.cpp.obj /FdCMakeFiles\concurrencpp.dir\ /FS -c C:\Users\Baile\source\repos\ConcurrenyTest\vcpkg_installed\vcpkg\blds\concurrencpp\src\v.0.1.7-415c4c63cd.clean\source\results\impl\result_state.cpp
[4/17] F:\CodeEditors\VC\Tools\MSVC\14.38.33130\bin\Hostx64\x64\cl.exe   /TP -DCRCPP_EXPORT_API -Dconcurrencpp_EXPORTS -external:IC:\Users\Baile\source\repos\ConcurrenyTest\vcpkg_installed\vcpkg\blds\concurrencpp\src\v.0.1.7-415c4c63cd.clean\include -external:W0 /nologo /DWIN32 /D_WINDOWS /W3 /utf-8 /GR /EHsc /MP  /MD /O2 /Oi /Gy /DNDEBUG /Z7  -std:c++20 -MD /permissive- /showIncludes /FoCMakeFiles\concurrencpp.dir\source\results\impl\consumer_context.cpp.obj /FdCMakeFiles\concurrencpp.dir\ /FS -c C:\Users\Baile\source\repos\ConcurrenyTest\vcpkg_installed\vcpkg\blds\concurrencpp\src\v.0.1.7-415c4c63cd.clean\source\results\impl\consumer_context.cpp
[5/17] F:\CodeEditors\VC\Tools\MSVC\14.38.33130\bin\Hostx64\x64\cl.exe   /TP -DCRCPP_EXPORT_API -Dconcurrencpp_EXPORTS -external:IC:\Users\Baile\source\repos\ConcurrenyTest\vcpkg_installed\vcpkg\blds\concurrencpp\src\v.0.1.7-415c4c63cd.clean\include -external:W0 /nologo /DWIN32 /D_WINDOWS /W3 /utf-8 /GR /EHsc /MP  /MD /O2 /Oi /Gy /DNDEBUG /Z7  -std:c++20 -MD /permissive- /showIncludes /FoCMakeFiles\concurrencpp.dir\source\executors\executor.cpp.obj /FdCMakeFiles\concurrencpp.dir\ /FS -c C:\Users\Baile\source\repos\ConcurrenyTest\vcpkg_installed\vcpkg\blds\concurrencpp\src\v.0.1.7-415c4c63cd.clean\source\executors\executor.cpp
[6/17] F:\CodeEditors\VC\Tools\MSVC\14.38.33130\bin\Hostx64\x64\cl.exe   /TP -DCRCPP_EXPORT_API -Dconcurrencpp_EXPORTS -external:IC:\Users\Baile\source\repos\ConcurrenyTest\vcpkg_installed\vcpkg\blds\concurrencpp\src\v.0.1.7-415c4c63cd.clean\include -external:W0 /nologo /DWIN32 /D_WINDOWS /W3 /utf-8 /GR /EHsc /MP  /MD /O2 /Oi /Gy /DNDEBUG /Z7  -std:c++20 -MD /permissive- /showIncludes /FoCMakeFiles\concurrencpp.dir\source\executors\thread_executor.cpp.obj /FdCMakeFiles\concurrencpp.dir\ /FS -c C:\Users\Baile\source\repos\ConcurrenyTest\vcpkg_installed\vcpkg\blds\concurrencpp\src\v.0.1.7-415c4c63cd.clean\source\executors\thread_executor.cpp
[7/17] F:\CodeEditors\VC\Tools\MSVC\14.38.33130\bin\Hostx64\x64\cl.exe   /TP -DCRCPP_EXPORT_API -Dconcurrencpp_EXPORTS -external:IC:\Users\Baile\source\repos\ConcurrenyTest\vcpkg_installed\vcpkg\blds\concurrencpp\src\v.0.1.7-415c4c63cd.clean\include -external:W0 /nologo /DWIN32 /D_WINDOWS /W3 /utf-8 /GR /EHsc /MP  /MD /O2 /Oi /Gy /DNDEBUG /Z7  -std:c++20 -MD /permissive- /showIncludes /FoCMakeFiles\concurrencpp.dir\source\executors\worker_thread_executor.cpp.obj /FdCMakeFiles\concurrencpp.dir\ /FS -c C:\Users\Baile\source\repos\ConcurrenyTest\vcpkg_installed\vcpkg\blds\concurrencpp\src\v.0.1.7-415c4c63cd.clean\source\executors\worker_thread_executor.cpp
[8/17] F:\CodeEditors\VC\Tools\MSVC\14.38.33130\bin\Hostx64\x64\cl.exe   /TP -DCRCPP_EXPORT_API -Dconcurrencpp_EXPORTS -external:IC:\Users\Baile\source\repos\ConcurrenyTest\vcpkg_installed\vcpkg\blds\concurrencpp\src\v.0.1.7-415c4c63cd.clean\include -external:W0 /nologo /DWIN32 /D_WINDOWS /W3 /utf-8 /GR /EHsc /MP  /MD /O2 /Oi /Gy /DNDEBUG /Z7  -std:c++20 -MD /permissive- /showIncludes /FoCMakeFiles\concurrencpp.dir\source\threads\thread.cpp.obj /FdCMakeFiles\concurrencpp.dir\ /FS -c C:\Users\Baile\source\repos\ConcurrenyTest\vcpkg_installed\vcpkg\blds\concurrencpp\src\v.0.1.7-415c4c63cd.clean\source\threads\thread.cpp
[9/17] F:\CodeEditors\VC\Tools\MSVC\14.38.33130\bin\Hostx64\x64\cl.exe   /TP -DCRCPP_EXPORT_API -Dconcurrencpp_EXPORTS -external:IC:\Users\Baile\source\repos\ConcurrenyTest\vcpkg_installed\vcpkg\blds\concurrencpp\src\v.0.1.7-415c4c63cd.clean\include -external:W0 /nologo /DWIN32 /D_WINDOWS /W3 /utf-8 /GR /EHsc /MP  /MD /O2 /Oi /Gy /DNDEBUG /Z7  -std:c++20 -MD /permissive- /showIncludes /FoCMakeFiles\concurrencpp.dir\source\executors\thread_pool_executor.cpp.obj /FdCMakeFiles\concurrencpp.dir\ /FS -c C:\Users\Baile\source\repos\ConcurrenyTest\vcpkg_installed\vcpkg\blds\concurrencpp\src\v.0.1.7-415c4c63cd.clean\source\executors\thread_pool_executor.cpp
[10/17] F:\CodeEditors\VC\Tools\MSVC\14.38.33130\bin\Hostx64\x64\cl.exe   /TP -DCRCPP_EXPORT_API -Dconcurrencpp_EXPORTS -external:IC:\Users\Baile\source\repos\ConcurrenyTest\vcpkg_installed\vcpkg\blds\concurrencpp\src\v.0.1.7-415c4c63cd.clean\include -external:W0 /nologo /DWIN32 /D_WINDOWS /W3 /utf-8 /GR /EHsc /MP  /MD /O2 /Oi /Gy /DNDEBUG /Z7  -std:c++20 -MD /permissive- /showIncludes /FoCMakeFiles\concurrencpp.dir\source\executors\manual_executor.cpp.obj /FdCMakeFiles\concurrencpp.dir\ /FS -c C:\Users\Baile\source\repos\ConcurrenyTest\vcpkg_installed\vcpkg\blds\concurrencpp\src\v.0.1.7-415c4c63cd.clean\source\executors\manual_executor.cpp
[11/17] F:\CodeEditors\VC\Tools\MSVC\14.38.33130\bin\Hostx64\x64\cl.exe   /TP -DCRCPP_EXPORT_API -Dconcurrencpp_EXPORTS -external:IC:\Users\Baile\source\repos\ConcurrenyTest\vcpkg_installed\vcpkg\blds\concurrencpp\src\v.0.1.7-415c4c63cd.clean\include -external:W0 /nologo /DWIN32 /D_WINDOWS /W3 /utf-8 /GR /EHsc /MP  /MD /O2 /Oi /Gy /DNDEBUG /Z7  -std:c++20 -MD /permissive- /showIncludes /FoCMakeFiles\concurrencpp.dir\source\threads\async_condition_variable.cpp.obj /FdCMakeFiles\concurrencpp.dir\ /FS -c C:\Users\Baile\source\repos\ConcurrenyTest\vcpkg_installed\vcpkg\blds\concurrencpp\src\v.0.1.7-415c4c63cd.clean\source\threads\async_condition_variable.cpp
[12/17] F:\CodeEditors\VC\Tools\MSVC\14.38.33130\bin\Hostx64\x64\cl.exe   /TP -DCRCPP_EXPORT_API -Dconcurrencpp_EXPORTS -external:IC:\Users\Baile\source\repos\ConcurrenyTest\vcpkg_installed\vcpkg\blds\concurrencpp\src\v.0.1.7-415c4c63cd.clean\include -external:W0 /nologo /DWIN32 /D_WINDOWS /W3 /utf-8 /GR /EHsc /MP  /MD /O2 /Oi /Gy /DNDEBUG /Z7  -std:c++20 -MD /permissive- /showIncludes /FoCMakeFiles\concurrencpp.dir\source\threads\async_lock.cpp.obj /FdCMakeFiles\concurrencpp.dir\ /FS -c C:\Users\Baile\source\repos\ConcurrenyTest\vcpkg_installed\vcpkg\blds\concurrencpp\src\v.0.1.7-415c4c63cd.clean\source\threads\async_lock.cpp
[13/17] F:\CodeEditors\VC\Tools\MSVC\14.38.33130\bin\Hostx64\x64\cl.exe   /TP -DCRCPP_EXPORT_API -Dconcurrencpp_EXPORTS -external:IC:\Users\Baile\source\repos\ConcurrenyTest\vcpkg_installed\vcpkg\blds\concurrencpp\src\v.0.1.7-415c4c63cd.clean\include -external:W0 /nologo /DWIN32 /D_WINDOWS /W3 /utf-8 /GR /EHsc /MP  /MD /O2 /Oi /Gy /DNDEBUG /Z7  -std:c++20 -MD /permissive- /showIncludes /FoCMakeFiles\concurrencpp.dir\source\runtime\runtime.cpp.obj /FdCMakeFiles\concurrencpp.dir\ /FS -c C:\Users\Baile\source\repos\ConcurrenyTest\vcpkg_installed\vcpkg\blds\concurrencpp\src\v.0.1.7-415c4c63cd.clean\source\runtime\runtime.cpp
[14/17] F:\CodeEditors\VC\Tools\MSVC\14.38.33130\bin\Hostx64\x64\cl.exe   /TP -DCRCPP_EXPORT_API -Dconcurrencpp_EXPORTS -external:IC:\Users\Baile\source\repos\ConcurrenyTest\vcpkg_installed\vcpkg\blds\concurrencpp\src\v.0.1.7-415c4c63cd.clean\include -external:W0 /nologo /DWIN32 /D_WINDOWS /W3 /utf-8 /GR /EHsc /MP  /MD /O2 /Oi /Gy /DNDEBUG /Z7  -std:c++20 -MD /permissive- /showIncludes /FoCMakeFiles\concurrencpp.dir\source\timers\timer.cpp.obj /FdCMakeFiles\concurrencpp.dir\ /FS -c C:\Users\Baile\source\repos\ConcurrenyTest\vcpkg_installed\vcpkg\blds\concurrencpp\src\v.0.1.7-415c4c63cd.clean\source\timers\timer.cpp
[15/17] F:\CodeEditors\VC\Tools\MSVC\14.38.33130\bin\Hostx64\x64\cl.exe   /TP -DCRCPP_EXPORT_API -Dconcurrencpp_EXPORTS -external:IC:\Users\Baile\source\repos\ConcurrenyTest\vcpkg_installed\vcpkg\blds\concurrencpp\src\v.0.1.7-415c4c63cd.clean\include -external:W0 /nologo /DWIN32 /D_WINDOWS /W3 /utf-8 /GR /EHsc /MP  /MD /O2 /Oi /Gy /DNDEBUG /Z7  -std:c++20 -MD /permissive- /showIncludes /FoCMakeFiles\concurrencpp.dir\source\timers\timer_queue.cpp.obj /FdCMakeFiles\concurrencpp.dir\ /FS -c C:\Users\Baile\source\repos\ConcurrenyTest\vcpkg_installed\vcpkg\blds\concurrencpp\src\v.0.1.7-415c4c63cd.clean\source\timers\timer_queue.cpp
[16/17] C:\Windows\system32\cmd.exe /C "cd . && "C:\Program Files\CMake\bin\cmake.exe" -E vs_link_dll --intdir=CMakeFiles\concurrencpp.dir --rc=C:\PROGRA~2\WI3CF2~1\10\bin\100220~1.0\x64\rc.exe --mt=C:\PROGRA~2\WI3CF2~1\10\bin\100220~1.0\x64\mt.exe --manifests  -- F:\CodeEditors\VC\Tools\MSVC\14.38.33130\bin\Hostx64\x64\link.exe  CMakeFiles\concurrencpp.dir\source\task.cpp.obj CMakeFiles\concurrencpp.dir\source\executors\executor.cpp.obj CMakeFiles\concurrencpp.dir\source\executors\manual_executor.cpp.obj CMakeFiles\concurrencpp.dir\source\executors\thread_executor.cpp.obj CMakeFiles\concurrencpp.dir\source\executors\thread_pool_executor.cpp.obj CMakeFiles\concurrencpp.dir\source\executors\worker_thread_executor.cpp.obj CMakeFiles\concurrencpp.dir\source\results\impl\consumer_context.cpp.obj CMakeFiles\concurrencpp.dir\source\results\impl\result_state.cpp.obj CMakeFiles\concurrencpp.dir\source\results\impl\shared_result_state.cpp.obj CMakeFiles\concurrencpp.dir\source\runtime\runtime.cpp.obj CMakeFiles\concurrencpp.dir\source\threads\async_lock.cpp.obj CMakeFiles\concurrencpp.dir\source\threads\async_condition_variable.cpp.obj CMakeFiles\concurrencpp.dir\source\threads\thread.cpp.obj CMakeFiles\concurrencpp.dir\source\timers\timer.cpp.obj CMakeFiles\concurrencpp.dir\source\timers\timer_queue.cpp.obj  /out:concurrencpp.dll /implib:concurrencpp.lib /pdb:concurrencpp.pdb /dll /version:0.1 /machine:x64 /nologo /DEBUG /INCREMENTAL:NO /OPT:REF /OPT:ICF  kernel32.lib user32.lib gdi32.lib winspool.lib shell32.lib ole32.lib oleaut32.lib uuid.lib comdlg32.lib advapi32.lib && cd ."
[16/17] C:\Windows\system32\cmd.-- Install configuration: "Release"
-- Installing: C:/Users/Baile/source/repos/ConcurrenyTest/vcpkg_installed/vcpkg/pkgs/concurrencpp_x64-windows/lib/concurrencpp.lib
-- Installing: C:/Users/Baile/source/repos/ConcurrenyTest/vcpkg_installed/vcpkg/pkgs/concurrencpp_x64-windows/bin/concurrencpp.dll
-- Installing: C:/Users/Baile/source/repos/ConcurrenyTest/vcpkg_installed/vcpkg/pkgs/concurrencpp_x64-windows/lib/cmake/concurrencpp-0.1.7/concurrencppTargets.cmake
-- Installing: C:/Users/Baile/source/repos/ConcurrenyTest/vcpkg_installed/vcpkg/pkgs/concurrencpp_x64-windows/lib/cmake/concurrencpp-0.1.7/concurrencppTargets-release.cmake
-- Installing: C:/Users/Baile/source/repos/ConcurrenyTest/vcpkg_installed/vcpkg/pkgs/concurrencpp_x64-windows/lib/cmake/concurrencpp-0.1.7/concurrencppConfig.cmake
-- Installing: C:/Users/Baile/source/repos/ConcurrenyTest/vcpkg_installed/vcpkg/pkgs/concurrencpp_x64-windows/lib/cmake/concurrencpp-0.1.7/concurrencppConfigVersion.cmake
-- Installing: C:/Users/Baile/source/repos/ConcurrenyTest/vcpkg_installed/vcpkg/pkgs/concurrencpp_x64-windows/include
-- Installing: C:/Users/Baile/source/repos/ConcurrenyTest/vcpkg_installed/vcpkg/pkgs/concurrencpp_x64-windows/include/concurrencpp
-- Installing: C:/Users/Baile/source/repos/ConcurrenyTest/vcpkg_installed/vcpkg/pkgs/concurrencpp_x64-windows/include/concurrencpp/concurrencpp.h
-- Installing: C:/Users/Baile/source/repos/ConcurrenyTest/vcpkg_installed/vcpkg/pkgs/concurrencpp_x64-windows/include/concurrencpp/coroutines
-- Installing: C:/Users/Baile/source/repos/ConcurrenyTest/vcpkg_installed/vcpkg/pkgs/concurrencpp_x64-windows/include/concurrencpp/coroutines/coroutine.h
-- Installing: C:/Users/Baile/source/repos/ConcurrenyTest/vcpkg_installed/vcpkg/pkgs/concurrencpp_x64-windows/include/concurrencpp/errors.h
-- Installing: C:/Users/Baile/source/repos/ConcurrenyTest/vcpkg_installed/vcpkg/pkgs/concurrencpp_x64-windows/include/concurrencpp/executors
-- Installing: C:/Users/Baile/source/repos/ConcurrenyTest/vcpkg_installed/vcpkg/pkgs/concurrencpp_x64-windows/include/concurrencpp/executors/constants.h
-- Installing: C:/Users/Baile/source/repos/ConcurrenyTest/vcpkg_installed/vcpkg/pkgs/concurrencpp_x64-windows/include/concurrencpp/executors/derivable_executor.h
-- Installing: C:/Users/Baile/source/repos/ConcurrenyTest/vcpkg_installed/vcpkg/pkgs/concurrencpp_x64-windows/include/concurrencpp/executors/executor.h
-- Installing: C:/Users/Baile/source/repos/ConcurrenyTest/vcpkg_installed/vcpkg/pkgs/concurrencpp_x64-windows/include/concurrencpp/executors/executor_all.h
-- Installing: C:/Users/Baile/source/repos/ConcurrenyTest/vcpkg_installed/vcpkg/pkgs/concurrencpp_x64-windows/include/concurrencpp/executors/inline_executor.h
-- Installing: C:/Users/Baile/source/repos/ConcurrenyTest/vcpkg_installed/vcpkg/pkgs/concurrencpp_x64-windows/include/concurrencpp/executors/manual_executor.h
-- Installing: C:/Users/Baile/source/repos/ConcurrenyTest/vcpkg_installed/vcpkg/pkgs/concurrencpp_x64-windows/include/concurrencpp/executors/thread_executor.h
-- Installing: C:/Users/Baile/source/repos/ConcurrenyTest/vcpkg_installed/vcpkg/pkgs/concurrencpp_x64-windows/include/concurrencpp/executors/thread_pool_executor.h
-- Installing: C:/Users/Baile/source/repos/ConcurrenyTest/vcpkg_installed/vcpkg/pkgs/concurrencpp_x64-windows/include/concurrencpp/executors/worker_thread_executor.h
-- Installing: C:/Users/Baile/source/repos/ConcurrenyTest/vcpkg_installed/vcpkg/pkgs/concurrencpp_x64-windows/include/concurrencpp/forward_declarations.h
-- Installing: C:/Users/Baile/source/repos/ConcurrenyTest/vcpkg_installed/vcpkg/pkgs/concurrencpp_x64-windows/include/concurrencpp/platform_defs.h
-- Installing: C:/Users/Baile/source/repos/ConcurrenyTest/vcpkg_installed/vcpkg/pkgs/concurrencpp_x64-windows/include/concurrencpp/results
-- Installing: C:/Users/Baile/source/repos/ConcurrenyTest/vcpkg_installed/vcpkg/pkgs/concurrencpp_x64-windows/include/concurrencpp/results/constants.h
-- Installing: C:/Users/Baile/source/repos/ConcurrenyTest/vcpkg_installed/vcpkg/pkgs/concurrencpp_x64-windows/include/concurrencpp/results/generator.h
-- Installing: C:/Users/Baile/source/repos/ConcurrenyTest/vcpkg_installed/vcpkg/pkgs/concurrencpp_x64-windows/include/concurrencpp/results/impl
-- Installing: C:/Users/Baile/source/repos/ConcurrenyTest/vcpkg_installed/vcpkg/pkgs/concurrencpp_x64-windows/include/concurrencpp/results/impl/consumer_context.h
-- Installing: C:/Users/Baile/source/repos/ConcurrenyTest/vcpkg_installed/vcpkg/pkgs/concurrencpp_x64-windows/include/concurrencpp/results/impl/generator_state.h
-- Installing: C:/Users/Baile/source/repos/ConcurrenyTest/vcpkg_installed/vcpkg/pkgs/concurrencpp_x64-windows/include/concurrencpp/results/impl/lazy_result_state.h
-- Installing: C:/Users/Baile/source/repos/ConcurrenyTest/vcpkg_installed/vcpkg/pkgs/concurrencpp_x64-windows/include/concurrencpp/results/impl/producer_context.h
-- Installing: C:/Users/Baile/source/repos/ConcurrenyTest/vcpkg_installed/vcpkg/pkgs/concurrencpp_x64-windows/include/concurrencpp/results/impl/result_state.h
-- Installing: C:/Users/Baile/source/repos/ConcurrenyTest/vcpkg_installed/vcpkg/pkgs/concurrencpp_x64-windows/include/concurrencpp/results/impl/return_value_struct.h
-- Installing: C:/Users/Baile/source/repos/ConcurrenyTest/vcpkg_installed/vcpkg/pkgs/concurrencpp_x64-windows/include/concurrencpp/results/impl/shared_result_state.h
-- Installing: C:/Users/Baile/source/repos/ConcurrenyTest/vcpkg_installed/vcpkg/pkgs/concurrencpp_x64-windows/include/concurrencpp/results/lazy_result.h
-- Installing: C:/Users/Baile/source/repos/ConcurrenyTest/vcpkg_installed/vcpkg/pkgs/concurrencpp_x64-windows/include/concurrencpp/results/lazy_result_awaitable.h
-- Installing: C:/Users/Baile/source/repos/ConcurrenyTest/vcpkg_installed/vcpkg/pkgs/concurrencpp_x64-windows/include/concurrencpp/results/make_result.h
-- Installing: C:/Users/Baile/source/repos/ConcurrenyTest/vcpkg_installed/vcpkg/pkgs/concurrencpp_x64-windows/include/concurrencpp/results/promises.h
-- Installing: C:/Users/Baile/source/repos/ConcurrenyTest/vcpkg_installed/vcpkg/pkgs/concurrencpp_x64-windows/include/concurrencpp/results/result.h
-- Installing: C:/Users/Baile/source/repos/ConcurrenyTest/vcpkg_installed/vcpkg/pkgs/concurrencpp_x64-windows/include/concurrencpp/results/result_awaitable.h
-- Installing: C:/Users/Baile/source/repos/ConcurrenyTest/vcpkg_installed/vcpkg/pkgs/concurrencpp_x64-windows/include/concurrencpp/results/result_fwd_declarations.h
-- Installing: C:/Users/Baile/source/repos/ConcurrenyTest/vcpkg_installed/vcpkg/pkgs/concurrencpp_x64-windows/include/concurrencpp/results/resume_on.h
-- Installing: C:/Users/Baile/source/repos/ConcurrenyTest/vcpkg_installed/vcpkg/pkgs/concurrencpp_x64-windows/include/concurrencpp/results/shared_result.h
-- Installing: C:/Users/Baile/source/repos/ConcurrenyTest/vcpkg_installed/vcpkg/pkgs/concurrencpp_x64-windows/include/concurrencpp/results/shared_result_awaitable.h
-- Installing: C:/Users/Baile/source/repos/ConcurrenyTest/vcpkg_installed/vcpkg/pkgs/concurrencpp_x64-windows/include/concurrencpp/results/when_result.h
-- Installing: C:/Users/Baile/source/repos/ConcurrenyTest/vcpkg_installed/vcpkg/pkgs/concurrencpp_x64-windows/include/concurrencpp/runtime
-- Installing: C:/Users/Baile/source/repos/ConcurrenyTest/vcpkg_installed/vcpkg/pkgs/concurrencpp_x64-windows/include/concurrencpp/runtime/constants.h
-- Installing: C:/Users/Baile/source/repos/ConcurrenyTest/vcpkg_installed/vcpkg/pkgs/concurrencpp_x64-windows/include/concurrencpp/runtime/runtime.h
-- Installing: C:/Users/Baile/source/repos/ConcurrenyTest/vcpkg_installed/vcpkg/pkgs/concurrencpp_x64-windows/include/concurrencpp/task.h
-- Installing: C:/Users/Baile/source/repos/ConcurrenyTest/vcpkg_installed/vcpkg/pkgs/concurrencpp_x64-windows/include/concurrencpp/threads
-- Installing: C:/Users/Baile/source/repos/ConcurrenyTest/vcpkg_installed/vcpkg/pkgs/concurrencpp_x64-windows/include/concurrencpp/threads/async_condition_variable.h
-- Installing: C:/Users/Baile/source/repos/ConcurrenyTest/vcpkg_installed/vcpkg/pkgs/concurrencpp_x64-windows/include/concurrencpp/threads/async_lock.h
-- Installing: C:/Users/Baile/source/repos/ConcurrenyTest/vcpkg_installed/vcpkg/pkgs/concurrencpp_x64-windows/include/concurrencpp/threads/cache_line.h
-- Installing: C:/Users/Baile/source/repos/ConcurrenyTest/vcpkg_installed/vcpkg/pkgs/concurrencpp_x64-windows/include/concurrencpp/threads/constants.h
-- Installing: C:/Users/Baile/source/repos/ConcurrenyTest/vcpkg_installed/vcpkg/pkgs/concurrencpp_x64-windows/include/concurrencpp/threads/thread.h
-- Installing: C:/Users/Baile/source/repos/ConcurrenyTest/vcpkg_installed/vcpkg/pkgs/concurrencpp_x64-windows/include/concurrencpp/timers
-- Installing: C:/Users/Baile/source/repos/ConcurrenyTest/vcpkg_installed/vcpkg/pkgs/concurrencpp_x64-windows/include/concurrencpp/timers/constants.h
-- Installing: C:/Users/Baile/source/repos/ConcurrenyTest/vcpkg_installed/vcpkg/pkgs/concurrencpp_x64-windows/include/concurrencpp/timers/timer.h
-- Installing: C:/Users/Baile/source/repos/ConcurrenyTest/vcpkg_installed/vcpkg/pkgs/concurrencpp_x64-windows/include/concurrencpp/timers/timer_queue.h
-- Installing: C:/Users/Baile/source/repos/ConcurrenyTest/vcpkg_installed/vcpkg/pkgs/concurrencpp_x64-windows/include/concurrencpp/utils
-- Installing: C:/Users/Baile/source/repos/ConcurrenyTest/vcpkg_installed/vcpkg/pkgs/concurrencpp_x64-windows/include/concurrencpp/utils/bind.h
-- Installing: C:/Users/Baile/source/repos/ConcurrenyTest/vcpkg_installed/vcpkg/pkgs/concurrencpp_x64-windows/include/concurrencpp/utils/slist.h
exe /C "cd /D C:\Users\Baile\source\repos\ConcurrenyTest\vcpkg_installed\vcpkg\blds\concurrencpp\x64-windows-rel && "C:\Program Files\CMake\bin\cmake.exe" -P cmake_install.cmake"

